irun(64): 13.10-s016: (c) Copyright 1995-2014 Cadence Design Systems, Inc.
TOOL:	irun(64)	13.10-s016: Started on Apr 12, 2019 at 14:26:31 IST
irun
	-f run_mem.txt
		mem_top.v
		mem_tc.v
		mem_chkr.v
		mem_DUT.v
		-access +rwc
		-input probe.tcl
Recompiling... reason: file './mem_chkr.v' is newer than expected.
	expected: Fri Apr 12 14:17:43 2019
	actual:   Fri Apr 12 14:25:10 2019
file: mem_chkr.v
	module worklib.mem_chkr:v
		errors: 0, warnings: 0
		Caching library 'worklib' ....... Done
	Elaborating the design hierarchy:
	Top level design units:
		mem_top
	Building instance overlay tables: .................... Done
	Generating native compiled code:
		worklib.mem_chkr:v <0x57bfe82b>
			streams:   7, words: 11488
		worklib.mem_top:v <0x28fdcba6>
			streams:   1, words:  1154
	Building instance specific data structures.
	Loading native compiled code:     .................... Done
	Design hierarchy summary:
		                 Instances  Unique
		Modules:                 4       4
		Registers:              37      37
		Scalar wires:            5       -
		Vectored wires:          3       -
		Always blocks:          13      13
		Initial blocks:          4       4
		Simulation timescale:  1ps
	Writing initial simulation snapshot: worklib.mem_top:v
Loading snapshot worklib.mem_top:v .................... Done
ncsim> source /home/cad/INCISIV131/tools/inca/files/ncsimrc
ncsim> database -open waves_mem_tb -default
Created default SHM database waves_mem_tb
ncsim> probe -create -all -depth all
Created probe 1
ncsim> ##probe -create -database waves_muxtb -all -depth {muxtb.UUT}
ncsim> run 10000000000 ms
ncsim: *E,OVRFLW: Numeric overflow/underflow.
FAIL: Time= 0 Read unsuccessful
--------------------------------------
SUPPLY or clock is not fine
---------------------------
NOT WORKING
FAIL: Time=1000 Read unsuccessful
--------------------------------------
SUPPLY or clock is not fine
---------------------------
NOT WORKING
FAIL: Time=2000 Read unsuccessful
--------------------------------------
---------------------------
FAIL: Time=3000 Read unsuccessful
--------------------------------------
---------------------------
INFO:Time=4000 Address= 682 Data=170
PASS:Time=4000 WRITE SUCCESSFUL
------------------------------------
FAIL: Time=4000 Read unsuccessful
--------------------------------------
---------------------------
INFO:Time=5000 Address= 682 Data=170
PASS:Time=5000 WRITE SUCCESSFUL
------------------------------------
FAIL: Time=5000 Read unsuccessful
--------------------------------------
---------------------------
INFO:Time=6000 Address=2858 Data=186
PASS:Time=6000 WRITE SUCCESSFUL
------------------------------------
FAIL: Time=6000 Read unsuccessful
--------------------------------------
---------------------------
INFO:Time=7000 Address=2858 Data=186
PASS:Time=7000 WRITE SUCCESSFUL
------------------------------------
FAIL: Time=7000 Read unsuccessful
--------------------------------------
---------------------------
INFO:Time=8000 Address=3002 Data=250
PASS:Time=8000 WRITE SUCCESSFUL
------------------------------------
FAIL: Time=8000 Read unsuccessful
--------------------------------------
---------------------------
INFO:Time=9000 Address=3002 Data=250
PASS:Time=9000 WRITE SUCCESSFUL
------------------------------------
FAIL: Time=9000 Read unsuccessful
--------------------------------------
---------------------------
INFO:Time=10000 Address=3754 Data=234
PASS:Time=10000 WRITE SUCCESSFUL
------------------------------------
FAIL: Time=10000 Read unsuccessful
--------------------------------------
---------------------------
INFO:Time=11000 Address=3754 Data=234
PASS:Time=11000 WRITE SUCCESSFUL
------------------------------------
FAIL: Time=11000 Read unsuccessful
--------------------------------------
---------------------------
INFO:Time=12000 Address=3754 Data=234
PASS:Time=12000 WRITE SUCCESSFUL
------------------------------------
FAIL: Time=12000 Read unsuccessful
--------------------------------------
---------------------------
INFO:Time=13000 Address=3770 Data=251
PASS:Time=13000 WRITE SUCCESSFUL
------------------------------------
FAIL: Time=13000 Read unsuccessful
--------------------------------------
---------------------------
INFO:Time=14000 Address=3770 Data=251
PASS:Time=14000 WRITE SUCCESSFUL
------------------------------------
FAIL: Time=14000 Read unsuccessful
--------------------------------------
---------------------------
INFO:Time=15000 Address=3770 Data=251
PASS:Time=15000 WRITE SUCCESSFUL
------------------------------------
FAIL: Time=15000 Read unsuccessful
--------------------------------------
---------------------------
INFO:Time=16000 Address=3770 Data=251
PASS:Time=16000 WRITE SUCCESSFUL
------------------------------------
FAIL: Time=16000 Read unsuccessful
--------------------------------------
---------------------------
INFO:Time=17000 Address=3770 Data=251
PASS:Time=17000 WRITE SUCCESSFUL
------------------------------------
------------------------------------
--------------------------------------
---------------------------
------------------------------------
--------------------------------------
---------------------------
INFO:Time=19000 Address= 682 data_out=170
------------------------------------------------------------
------------------------------------
--------------------------------------
---------------------------
PASS: Time=20000 Read successful
------------------------------------
--------------------------------------
---------------------------
INFO:Time=21000 Address=1738 data_out=  0
------------------------------------------------------------
------------------------------------
--------------------------------------
---------------------------
PASS: Time=22000 Read successful
------------------------------------
--------------------------------------
---------------------------
INFO:Time=23000 Address=2858 data_out=186
------------------------------------------------------------
------------------------------------
--------------------------------------
---------------------------
PASS: Time=24000 Read successful
------------------------------------
--------------------------------------
---------------------------
INFO:Time=25000 Address=2858 data_out=186
------------------------------------------------------------
PASS: Time=25000 Read successful
------------------------------------
--------------------------------------
---------------------------
PASS: Time=26000 Read successful
------------------------------------
--------------------------------------
---------------------------
INFO:Time=27000 Address=3002 data_out=250
------------------------------------------------------------
------------------------------------
--------------------------------------
---------------------------
PASS: Time=28000 Read successful
------------------------------------
--------------------------------------
---------------------------
INFO:Time=29000 Address=3754 data_out=234
------------------------------------------------------------
------------------------------------
--------------------------------------
---------------------------
PASS: Time=30000 Read successful
------------------------------------
--------------------------------------
---------------------------
INFO:Time=31000 Address=3754 data_out=234
------------------------------------------------------------
PASS: Time=31000 Read successful
------------------------------------
--------------------------------------
---------------------------
PASS: Time=32000 Read successful
------------------------------------
--------------------------------------
---------------------------
INFO:Time=33000 Address=3770 data_out=251
------------------------------------------------------------
------------------------------------
--------------------------------------
---------------------------
PASS: Time=34000 Read successful
------------------------------------
--------------------------------------
---------------------------
INFO:Time=35000 Address=3770 data_out=251
------------------------------------------------------------
PASS: Time=35000 Read successful
------------------------------------
--------------------------------------
---------------------------
PASS: Time=36000 Read successful
------------------------------------
--------------------------------------
---------------------------
INFO:Time=37000 Address=3770 data_out=251
------------------------------------------------------------
PASS: Time=37000 Read successful
------------------------------------
--------------------------------------
---------------------------
PASS: Time=38000 Read successful
------------------------------------
--------------------------------------
---------------------------
INFO:Time=39000 Address=3770 data_out=251
------------------------------------------------------------
PASS: Time=39000 Read successful
------------------------------------
--------------------------------------
---------------------------
PASS: Time=40000 Read successful
------------------------------------
--------------------------------------
---------------------------
INFO:Time=41000 Address=3770 data_out=251
------------------------------------------------------------
PASS: Time=41000 Read successful
------------------------------------
--------------------------------------
---------------------------
PASS: Time=42000 Read successful
------------------------------------
--------------------------------------
---------------------------
INFO:Time=43000 Address=3770 data_out=251
------------------------------------------------------------
PASS: Time=43000 Read successful
------------------------------------
--------------------------------------
---------------------------
PASS: Time=44000 Read successful
------------------------------------
--------------------------------------
---------------------------
INFO:Time=45000 Address=3770 data_out=251
------------------------------------------------------------
PASS: Time=45000 Read successful
------------------------------------
--------------------------------------
---------------------------
PASS: Time=46000 Read successful
------------------------------------
--------------------------------------
---------------------------
INFO:Time=47000 Address=1738 data_out=  0
------------------------------------------------------------
------------------------------------
--------------------------------------
---------------------------
PASS: Time=48000 Read successful
------------------------------------
--------------------------------------
---------------------------
INFO:Time=49000 Address=2858 data_out=186
------------------------------------------------------------
------------------------------------
--------------------------------------
---------------------------
PASS: Time=50000 Read successful
------------------------------------
--------------------------------------
---------------------------
INFO:Time=51000 Address=3002 data_out=250
------------------------------------------------------------
------------------------------------
--------------------------------------
---------------------------
PASS: Time=52000 Read successful
------------------------------------
--------------------------------------
---------------------------
INFO:Time=53000 Address=3002 data_out=250
------------------------------------------------------------
PASS: Time=53000 Read successful
------------------------------------
--------------------------------------
---------------------------
Simulation complete via $finish(1) at time 53695 NS + 0
./mem_tc.v:50 #2000 $finish;
ncsim> 
ncsim> exit
TOOL:	irun(64)	13.10-s016: Exiting on Apr 12, 2019 at 14:26:41 IST  (total: 00:00:10)
