#! /usr/bin/vvp
:ivl_version "10.1 (stable)";
:ivl_delay_selection "TYPICAL";
:vpi_time_precision - 12;
:vpi_module "system";
:vpi_module "vhdl_sys";
:vpi_module "v2005_math";
:vpi_module "va_math";
S_0x8b290c0 .scope module, "memtb" "memtb" 2 3;
 .timescale -9 -12;
v0x8b6a518_0 .var "add", 11 0;
v0x8b6a5b0_0 .var "cen", 0 0;
v0x8b6a628_0 .var "clk", 0 0;
v0x8b6a6a0_0 .var/real "delay", 0 0;
v0x8b6a6f8_0 .var "din", 7 0;
v0x8b6a770_0 .net "dout", 7 0, v0x8b69c90_0;  1 drivers
v0x8b6a7e8_0 .var "rd", 0 0;
v0x8b6a860_0 .var "rst", 0 0;
v0x8b6a8d8_0 .var "wr", 0 0;
S_0x8b29188 .scope module, "uut" "mem_top" 2 9, 3 3 0, S_0x8b290c0;
 .timescale -9 -12;
    .port_info 0 /OUTPUT 8 "dout"
    .port_info 1 /INPUT 8 "din"
    .port_info 2 /INPUT 1 "cen"
    .port_info 3 /INPUT 1 "clk"
    .port_info 4 /INPUT 1 "rst"
    .port_info 5 /INPUT 12 "add"
    .port_info 6 /INPUT 1 "rd"
    .port_info 7 /INPUT 1 "wr"
v0x8b39758_0 .var *"_s7", 7 0; Local signal
v0x8b69aa0_0 .net "add", 11 0, v0x8b6a518_0;  1 drivers
v0x8b69b18_0 .net "cen", 0 0, v0x8b6a5b0_0;  1 drivers
v0x8b69b88_0 .net "clk", 0 0, v0x8b6a628_0;  1 drivers
v0x8b69bf0_0 .net "din", 7 0, v0x8b6a6f8_0;  1 drivers
v0x8b69c90_0 .var "dout", 7 0;
v0x8b69d08_0 .var/i "i", 31 0;
v0x8b69d80_0 .var/i "j", 31 0;
v0x8b69df8 .array "mem", 4095 0, 7 0;
v0x8b69ea8_0 .net "rd", 0 0, v0x8b6a7e8_0;  1 drivers
v0x8b69f10_0 .var "read", 0 0;
v0x8b69f78_0 .net "rst", 0 0, v0x8b6a860_0;  1 drivers
v0x8b69fe0_0 .var/i "t", 31 0;
v0x8b6a058_0 .var "tempadd", 11 0;
v0x8b6a0d0_0 .var "tempdata", 7 0;
v0x8b6a148_0 .var/i "timep1", 31 0;
v0x8b6a1c0_0 .var/i "timep2", 31 0;
v0x8b6a2a0_0 .var/real "vdd", 0 0;
v0x8b6a2f8_0 .var/real "vss", 0 0;
v0x8b6a350_0 .net "wr", 0 0, v0x8b6a8d8_0;  1 drivers
v0x8b6a3b8_0 .var "wr_chk", 7 0;
v0x8b6a430_0 .var "write", 0 0;
E_0x8b37840 .event posedge, v0x8b69b88_0;
E_0x8b37f60 .event edge, v0x8b69f10_0;
E_0x8b39700 .event edge, v0x8b6a430_0;
E_0x8b39cf8 .event edge, v0x8b69f78_0, v0x8b69b18_0;
    .scope S_0x8b29188;
T_0 ;
    %wait E_0x8b37840;
    %vpi_func 3 20 "$time" 64 {0 0 0};
    %pad/u 32;
    %store/vec4 v0x8b6a148_0, 0, 32;
    %wait E_0x8b37840;
    %vpi_func 3 22 "$time" 64 {0 0 0};
    %pad/u 32;
    %store/vec4 v0x8b6a1c0_0, 0, 32;
    %load/vec4 v0x8b6a1c0_0;
    %load/vec4 v0x8b6a148_0;
    %sub;
    %store/vec4 v0x8b69fe0_0, 0, 32;
    %jmp T_0;
    .thread T_0;
    .scope S_0x8b29188;
T_1 ;
    %pushi/vec4 0, 0, 1;
    %store/vec4 v0x8b69f10_0, 0, 1;
    %pushi/vec4 0, 0, 1;
    %store/vec4 v0x8b6a430_0, 0, 1;
    %end;
    .thread T_1;
    .scope S_0x8b29188;
T_2 ;
    %wait E_0x8b39cf8;
    %load/vec4 v0x8b69b18_0;
    %flag_set/vec4 8;
    %jmp/0xz  T_2.0, 8;
    %pushi/vec4 255, 255, 8;
    %store/vec4 v0x8b69c90_0, 0, 8;
T_2.0 ;
    %load/vec4 v0x8b69f78_0;
    %flag_set/vec4 8;
    %jmp/0xz  T_2.2, 8;
    %pushi/vec4 0, 0, 32;
    %store/vec4 v0x8b69d08_0, 0, 32;
T_2.4 ;
    %load/vec4 v0x8b69d08_0;
    %cmpi/s 4, 0, 32;
    %jmp/0xz T_2.5, 5;
    %pushi/vec4 0, 0, 32;
    %store/vec4 v0x8b69d80_0, 0, 32;
T_2.6 ;
    %load/vec4 v0x8b69d80_0;
    %cmpi/s 1024, 0, 32;
    %jmp/0xz T_2.7, 5;
    %pushi/vec4 0, 0, 8;
    %load/vec4 v0x8b69d08_0;
    %pad/s 43;
    %pad/s 53;
    %muli 1024, 0, 53;
    %pad/s 54;
    %load/vec4 v0x8b69d80_0;
    %pad/s 54;
    %add;
    %ix/vec4/s 4;
    %store/vec4a v0x8b69df8, 4, 0;
    %load/vec4 v0x8b69d80_0;
    %addi 1, 0, 32;
    %store/vec4 v0x8b69d80_0, 0, 32;
    %jmp T_2.6;
T_2.7 ;
    %load/vec4 v0x8b69d08_0;
    %addi 1, 0, 32;
    %store/vec4 v0x8b69d08_0, 0, 32;
    %jmp T_2.4;
T_2.5 ;
T_2.2 ;
    %jmp T_2;
    .thread T_2, $push;
    .scope S_0x8b29188;
T_3 ;
    %wait E_0x8b39700;
    %load/vec4 v0x8b69aa0_0;
    %store/vec4 v0x8b6a058_0, 0, 12;
    %load/vec4 v0x8b69bf0_0;
    %store/vec4 v0x8b6a0d0_0, 0, 8;
    %load/vec4 v0x8b69bf0_0;
    %store/vec4 v0x8b39758_0, 0, 8;
    %wait E_0x8b37840;
    %load/vec4 v0x8b39758_0;
    %load/vec4 v0x8b6a058_0;
    %parti/s 2, 10, 5;
    %pad/u 15;
    %pad/u 25;
    %muli 1024, 0, 25;
    %pad/u 26;
    %load/vec4 v0x8b6a058_0;
    %parti/s 10, 0, 2;
    %pad/u 12;
    %pad/u 26;
    %add;
    %ix/vec4 4;
    %store/vec4a v0x8b69df8, 4, 0;
    %load/vec4 v0x8b6a058_0;
    %parti/s 2, 10, 5;
    %pad/u 15;
    %pad/u 25;
    %muli 1024, 0, 25;
    %pad/u 26;
    %load/vec4 v0x8b6a058_0;
    %parti/s 10, 0, 2;
    %pad/u 12;
    %pad/u 26;
    %add;
    %ix/vec4 4;
    %load/vec4a v0x8b69df8, 4;
    %store/vec4 v0x8b6a3b8_0, 0, 8;
    %jmp T_3;
    .thread T_3, $push;
    .scope S_0x8b29188;
T_4 ;
    %wait E_0x8b37f60;
    %load/vec4 v0x8b69aa0_0;
    %store/vec4 v0x8b6a058_0, 0, 12;
    %wait E_0x8b37840;
    %load/vec4 v0x8b6a058_0;
    %parti/s 2, 10, 5;
    %pad/u 15;
    %pad/u 25;
    %muli 1024, 0, 25;
    %pad/u 26;
    %load/vec4 v0x8b6a058_0;
    %parti/s 10, 0, 2;
    %pad/u 12;
    %pad/u 26;
    %add;
    %ix/vec4 4;
    %load/vec4a v0x8b69df8, 4;
    %store/vec4 v0x8b69c90_0, 0, 8;
    %jmp T_4;
    .thread T_4, $push;
    .scope S_0x8b29188;
T_5 ;
    %wait E_0x8b37840;
    %load/real v0x8b6a2a0_0;
    %load/real v0x8b6a2f8_0;
    %sub/wr;
    %pushi/real 1932735283, 4066; load=1.80000
    %pushi/real 838861, 4044; load=1.80000
    %add/wr;
    %cmp/wr;
    %flag_get/vec4 4;
    %load/vec4 v0x8b69fe0_0;
    %pushi/vec4 1000, 0, 32;
    %cmp/e;
    %flag_get/vec4 4;
    %and;
    %flag_set/vec4 8;
    %jmp/0xz  T_5.0, 8;
    %load/vec4 v0x8b69ea8_0;
    %flag_set/vec4 8;
    %jmp/0xz  T_5.2, 8;
    %load/vec4 v0x8b69f10_0;
    %inv;
    %store/vec4 v0x8b69f10_0, 0, 1;
T_5.2 ;
    %load/vec4 v0x8b6a350_0;
    %flag_set/vec4 8;
    %jmp/0xz  T_5.4, 8;
    %load/vec4 v0x8b6a430_0;
    %inv;
    %store/vec4 v0x8b6a430_0, 0, 1;
T_5.4 ;
    %jmp T_5.1;
T_5.0 ;
    %vpi_call 3 102 "$display", "NOT WORKING" {0 0 0};
T_5.1 ;
    %jmp T_5;
    .thread T_5;
    .scope S_0x8b290c0;
T_6 ;
    %pushi/real 2097152000, 4074; load=500.000
    %store/real v0x8b6a6a0_0;
    %end;
    .thread T_6;
    .scope S_0x8b290c0;
T_7 ;
    %pushi/vec4 0, 0, 1;
    %store/vec4 v0x8b6a628_0, 0, 1;
    %end;
    .thread T_7;
    .scope S_0x8b290c0;
T_8 ;
    %load/real v0x8b6a6a0_0;
    %pushi/real 2097152000, 4075; load=1000.00
    %mul/wr;
    %cvt/vr 64;
    %muli 1, 0, 64;
    %ix/vec4 4;
    %delayx 4;
    %load/vec4 v0x8b6a628_0;
    %inv;
    %store/vec4 v0x8b6a628_0, 0, 1;
    %jmp T_8;
    .thread T_8;
    .scope S_0x8b290c0;
T_9 ;
    %fork t_1, S_0x8b290c0;
    %fork t_2, S_0x8b290c0;
    %fork t_3, S_0x8b290c0;
    %fork t_4, S_0x8b290c0;
    %join;
    %join;
    %join;
    %join;
    %jmp t_0;
t_1 ;
    %delay 5000000, 0;
    %pushi/vec4 1, 0, 1;
    %store/vec4 v0x8b6a5b0_0, 0, 1;
    %end;
t_2 ;
    %delay 5010000, 0;
    %pushi/vec4 0, 0, 1;
    %store/vec4 v0x8b6a5b0_0, 0, 1;
    %end;
t_3 ;
    %delay 20000000, 0;
    %pushi/vec4 1, 0, 1;
    %store/vec4 v0x8b6a5b0_0, 0, 1;
    %end;
t_4 ;
    %delay 20010000, 0;
    %pushi/vec4 0, 0, 1;
    %store/vec4 v0x8b6a5b0_0, 0, 1;
    %end;
    .scope S_0x8b290c0;
t_0 ;
    %end;
    .thread T_9;
    .scope S_0x8b290c0;
T_10 ;
    %pushi/real 1932735283, 4066; load=1.80000
    %pushi/real 838861, 4044; load=1.80000
    %add/wr;
    %store/real v0x8b6a2a0_0;
    %pushi/real 0, 4065; load=0.00000
    %store/real v0x8b6a2f8_0;
    %vpi_call 2 27 "$dumpfile", "mem_top.vcd" {0 0 0};
    %vpi_call 2 28 "$dumpvars", 32'sb00000000000000000000000000000000, S_0x8b290c0 {0 0 0};
    %pushi/vec4 0, 0, 1;
    %store/vec4 v0x8b6a5b0_0, 0, 1;
    %pushi/vec4 1, 0, 1;
    %store/vec4 v0x8b6a860_0, 0, 1;
    %delay 1000000, 0;
    %pushi/vec4 0, 0, 1;
    %store/vec4 v0x8b6a860_0, 0, 1;
    %pushi/vec4 0, 0, 1;
    %store/vec4 v0x8b6a7e8_0, 0, 1;
    %pushi/vec4 1, 0, 1;
    %store/vec4 v0x8b6a8d8_0, 0, 1;
    %pushi/vec4 682, 0, 12;
    %store/vec4 v0x8b6a518_0, 0, 12;
    %pushi/vec4 170, 0, 8;
    %store/vec4 v0x8b6a6f8_0, 0, 8;
    %delay 2000000, 0;
    %pushi/vec4 0, 0, 1;
    %store/vec4 v0x8b6a7e8_0, 0, 1;
    %pushi/vec4 1, 0, 1;
    %store/vec4 v0x8b6a8d8_0, 0, 1;
    %pushi/vec4 1738, 0, 12;
    %store/vec4 v0x8b6a518_0, 0, 12;
    %pushi/vec4 234, 0, 8;
    %store/vec4 v0x8b6a6f8_0, 0, 8;
    %delay 2500000, 0;
    %pushi/vec4 0, 0, 1;
    %store/vec4 v0x8b6a7e8_0, 0, 1;
    %pushi/vec4 1, 0, 1;
    %store/vec4 v0x8b6a8d8_0, 0, 1;
    %pushi/vec4 2858, 0, 12;
    %store/vec4 v0x8b6a518_0, 0, 12;
    %pushi/vec4 186, 0, 8;
    %store/vec4 v0x8b6a6f8_0, 0, 8;
    %delay 2000000, 0;
    %pushi/vec4 0, 0, 1;
    %store/vec4 v0x8b6a7e8_0, 0, 1;
    %pushi/vec4 1, 0, 1;
    %store/vec4 v0x8b6a8d8_0, 0, 1;
    %pushi/vec4 3002, 0, 12;
    %store/vec4 v0x8b6a518_0, 0, 12;
    %pushi/vec4 250, 0, 8;
    %store/vec4 v0x8b6a6f8_0, 0, 8;
    %delay 1000000, 0;
    %pushi/vec4 0, 0, 1;
    %store/vec4 v0x8b6a7e8_0, 0, 1;
    %pushi/vec4 1, 0, 1;
    %store/vec4 v0x8b6a8d8_0, 0, 1;
    %pushi/vec4 3754, 0, 12;
    %store/vec4 v0x8b6a518_0, 0, 12;
    %pushi/vec4 238, 0, 8;
    %store/vec4 v0x8b6a6f8_0, 0, 8;
    %delay 2000000, 0;
    %pushi/vec4 0, 0, 1;
    %store/vec4 v0x8b6a7e8_0, 0, 1;
    %pushi/vec4 1, 0, 1;
    %store/vec4 v0x8b6a8d8_0, 0, 1;
    %pushi/vec4 4014, 0, 12;
    %store/vec4 v0x8b6a518_0, 0, 12;
    %pushi/vec4 254, 0, 8;
    %store/vec4 v0x8b6a6f8_0, 0, 8;
    %delay 1000000, 0;
    %pushi/vec4 0, 0, 1;
    %store/vec4 v0x8b6a7e8_0, 0, 1;
    %pushi/vec4 1, 0, 1;
    %store/vec4 v0x8b6a8d8_0, 0, 1;
    %pushi/vec4 3752, 0, 12;
    %store/vec4 v0x8b6a518_0, 0, 12;
    %pushi/vec4 187, 0, 8;
    %store/vec4 v0x8b6a6f8_0, 0, 8;
    %delay 1200000, 0;
    %pushi/vec4 1, 0, 1;
    %store/vec4 v0x8b6a7e8_0, 0, 1;
    %pushi/vec4 0, 0, 1;
    %store/vec4 v0x8b6a8d8_0, 0, 1;
    %pushi/vec4 1738, 0, 12;
    %store/vec4 v0x8b6a518_0, 0, 12;
    %pushi/vec4 255, 255, 8;
    %store/vec4 v0x8b6a6f8_0, 0, 8;
    %delay 2500000, 0;
    %pushi/vec4 1, 0, 1;
    %store/vec4 v0x8b6a7e8_0, 0, 1;
    %pushi/vec4 0, 0, 1;
    %store/vec4 v0x8b6a8d8_0, 0, 1;
    %pushi/vec4 2858, 0, 12;
    %store/vec4 v0x8b6a518_0, 0, 12;
    %pushi/vec4 255, 255, 8;
    %store/vec4 v0x8b6a6f8_0, 0, 8;
    %delay 2000000, 0;
    %pushi/vec4 1, 0, 1;
    %store/vec4 v0x8b6a7e8_0, 0, 1;
    %pushi/vec4 0, 0, 1;
    %store/vec4 v0x8b6a8d8_0, 0, 1;
    %pushi/vec4 3002, 0, 12;
    %store/vec4 v0x8b6a518_0, 0, 12;
    %pushi/vec4 255, 255, 8;
    %store/vec4 v0x8b6a6f8_0, 0, 8;
    %delay 2000000, 0;
    %pushi/vec4 1, 0, 1;
    %store/vec4 v0x8b6a7e8_0, 0, 1;
    %pushi/vec4 0, 0, 1;
    %store/vec4 v0x8b6a8d8_0, 0, 1;
    %pushi/vec4 3754, 0, 12;
    %store/vec4 v0x8b6a518_0, 0, 12;
    %pushi/vec4 255, 255, 8;
    %store/vec4 v0x8b6a6f8_0, 0, 8;
    %delay 2000000, 0;
    %pushi/vec4 1, 0, 1;
    %store/vec4 v0x8b6a7e8_0, 0, 1;
    %pushi/vec4 0, 0, 1;
    %store/vec4 v0x8b6a8d8_0, 0, 1;
    %pushi/vec4 4014, 0, 12;
    %store/vec4 v0x8b6a518_0, 0, 12;
    %pushi/vec4 255, 255, 8;
    %store/vec4 v0x8b6a6f8_0, 0, 8;
    %delay 2500000, 0;
    %pushi/vec4 1, 0, 1;
    %store/vec4 v0x8b6a7e8_0, 0, 1;
    %pushi/vec4 0, 0, 1;
    %store/vec4 v0x8b6a8d8_0, 0, 1;
    %pushi/vec4 3752, 0, 12;
    %store/vec4 v0x8b6a518_0, 0, 12;
    %pushi/vec4 255, 255, 8;
    %store/vec4 v0x8b6a6f8_0, 0, 8;
    %delay 1000000, 0;
    %pushi/vec4 1, 0, 1;
    %store/vec4 v0x8b6a7e8_0, 0, 1;
    %pushi/vec4 0, 0, 1;
    %store/vec4 v0x8b6a8d8_0, 0, 1;
    %pushi/vec4 2858, 0, 12;
    %store/vec4 v0x8b6a518_0, 0, 12;
    %pushi/vec4 255, 255, 8;
    %store/vec4 v0x8b6a6f8_0, 0, 8;
    %delay 1000000, 0;
    %pushi/vec4 1, 0, 1;
    %store/vec4 v0x8b6a7e8_0, 0, 1;
    %pushi/vec4 0, 0, 1;
    %store/vec4 v0x8b6a8d8_0, 0, 1;
    %pushi/vec4 4013, 0, 12;
    %store/vec4 v0x8b6a518_0, 0, 12;
    %pushi/vec4 255, 255, 8;
    %store/vec4 v0x8b6a6f8_0, 0, 8;
    %delay 10000, 0;
    %pushi/vec4 1, 0, 1;
    %store/vec4 v0x8b6a5b0_0, 0, 1;
    %delay 2000000, 0;
    %pushi/vec4 0, 0, 1;
    %store/vec4 v0x8b6a7e8_0, 0, 1;
    %pushi/vec4 1, 0, 1;
    %store/vec4 v0x8b6a8d8_0, 0, 1;
    %pushi/vec4 4014, 0, 12;
    %store/vec4 v0x8b6a518_0, 0, 12;
    %pushi/vec4 254, 0, 8;
    %store/vec4 v0x8b6a6f8_0, 0, 8;
    %delay 2000000, 0;
    %pushi/vec4 0, 0, 1;
    %store/vec4 v0x8b6a7e8_0, 0, 1;
    %pushi/vec4 1, 0, 1;
    %store/vec4 v0x8b6a8d8_0, 0, 1;
    %pushi/vec4 3752, 0, 12;
    %store/vec4 v0x8b6a518_0, 0, 12;
    %pushi/vec4 186, 0, 8;
    %store/vec4 v0x8b6a6f8_0, 0, 8;
    %delay 2000000, 0;
    %pushi/vec4 1, 0, 1;
    %store/vec4 v0x8b6a7e8_0, 0, 1;
    %pushi/vec4 0, 0, 1;
    %store/vec4 v0x8b6a8d8_0, 0, 1;
    %pushi/vec4 3754, 0, 12;
    %store/vec4 v0x8b6a518_0, 0, 12;
    %delay 2000000, 0;
    %pushi/vec4 1, 0, 1;
    %store/vec4 v0x8b6a7e8_0, 0, 1;
    %pushi/vec4 0, 0, 1;
    %store/vec4 v0x8b6a8d8_0, 0, 1;
    %pushi/vec4 4014, 0, 12;
    %store/vec4 v0x8b6a518_0, 0, 12;
    %delay 10000, 0;
    %pushi/vec4 0, 0, 1;
    %store/vec4 v0x8b6a5b0_0, 0, 1;
    %delay 100000, 0;
    %pushi/vec4 0, 0, 1;
    %store/vec4 v0x8b6a860_0, 0, 1;
    %pushi/vec4 0, 0, 1;
    %store/vec4 v0x8b6a7e8_0, 0, 1;
    %pushi/vec4 1, 0, 1;
    %store/vec4 v0x8b6a8d8_0, 0, 1;
    %pushi/vec4 682, 0, 12;
    %store/vec4 v0x8b6a518_0, 0, 12;
    %pushi/vec4 170, 0, 8;
    %store/vec4 v0x8b6a6f8_0, 0, 8;
    %delay 200000, 0;
    %pushi/vec4 0, 0, 1;
    %store/vec4 v0x8b6a7e8_0, 0, 1;
    %pushi/vec4 1, 0, 1;
    %store/vec4 v0x8b6a8d8_0, 0, 1;
    %pushi/vec4 1738, 0, 12;
    %store/vec4 v0x8b6a518_0, 0, 12;
    %pushi/vec4 234, 0, 8;
    %store/vec4 v0x8b6a6f8_0, 0, 8;
    %delay 250000, 0;
    %pushi/vec4 0, 0, 1;
    %store/vec4 v0x8b6a7e8_0, 0, 1;
    %pushi/vec4 1, 0, 1;
    %store/vec4 v0x8b6a8d8_0, 0, 1;
    %pushi/vec4 2858, 0, 12;
    %store/vec4 v0x8b6a518_0, 0, 12;
    %pushi/vec4 186, 0, 8;
    %store/vec4 v0x8b6a6f8_0, 0, 8;
    %delay 200000, 0;
    %pushi/vec4 0, 0, 1;
    %store/vec4 v0x8b6a7e8_0, 0, 1;
    %pushi/vec4 1, 0, 1;
    %store/vec4 v0x8b6a8d8_0, 0, 1;
    %pushi/vec4 3002, 0, 12;
    %store/vec4 v0x8b6a518_0, 0, 12;
    %pushi/vec4 250, 0, 8;
    %store/vec4 v0x8b6a6f8_0, 0, 8;
    %delay 10000, 0;
    %pushi/vec4 1, 0, 1;
    %store/vec4 v0x8b6a5b0_0, 0, 1;
    %delay 50000, 0;
    %pushi/vec4 0, 0, 1;
    %store/vec4 v0x8b6a5b0_0, 0, 1;
    %delay 100000, 0;
    %pushi/vec4 0, 0, 1;
    %store/vec4 v0x8b6a7e8_0, 0, 1;
    %pushi/vec4 1, 0, 1;
    %store/vec4 v0x8b6a8d8_0, 0, 1;
    %pushi/vec4 3754, 0, 12;
    %store/vec4 v0x8b6a518_0, 0, 12;
    %pushi/vec4 238, 0, 8;
    %store/vec4 v0x8b6a6f8_0, 0, 8;
    %delay 200000, 0;
    %pushi/vec4 0, 0, 1;
    %store/vec4 v0x8b6a7e8_0, 0, 1;
    %pushi/vec4 1, 0, 1;
    %store/vec4 v0x8b6a8d8_0, 0, 1;
    %pushi/vec4 4014, 0, 12;
    %store/vec4 v0x8b6a518_0, 0, 12;
    %pushi/vec4 254, 0, 8;
    %store/vec4 v0x8b6a6f8_0, 0, 8;
    %delay 40000, 0;
    %pushi/vec4 0, 0, 1;
    %store/vec4 v0x8b6a7e8_0, 0, 1;
    %pushi/vec4 1, 0, 1;
    %store/vec4 v0x8b6a8d8_0, 0, 1;
    %pushi/vec4 3752, 0, 12;
    %store/vec4 v0x8b6a518_0, 0, 12;
    %pushi/vec4 187, 0, 8;
    %store/vec4 v0x8b6a6f8_0, 0, 8;
    %delay 120000, 0;
    %pushi/vec4 1, 0, 1;
    %store/vec4 v0x8b6a7e8_0, 0, 1;
    %pushi/vec4 0, 0, 1;
    %store/vec4 v0x8b6a8d8_0, 0, 1;
    %pushi/vec4 1738, 0, 12;
    %store/vec4 v0x8b6a518_0, 0, 12;
    %pushi/vec4 255, 255, 8;
    %store/vec4 v0x8b6a6f8_0, 0, 8;
    %delay 250000, 0;
    %pushi/vec4 1, 0, 1;
    %store/vec4 v0x8b6a7e8_0, 0, 1;
    %pushi/vec4 0, 0, 1;
    %store/vec4 v0x8b6a8d8_0, 0, 1;
    %pushi/vec4 2858, 0, 12;
    %store/vec4 v0x8b6a518_0, 0, 12;
    %pushi/vec4 255, 255, 8;
    %store/vec4 v0x8b6a6f8_0, 0, 8;
    %delay 200000, 0;
    %pushi/vec4 1, 0, 1;
    %store/vec4 v0x8b6a7e8_0, 0, 1;
    %pushi/vec4 0, 0, 1;
    %store/vec4 v0x8b6a8d8_0, 0, 1;
    %pushi/vec4 3002, 0, 12;
    %store/vec4 v0x8b6a518_0, 0, 12;
    %pushi/vec4 255, 255, 8;
    %store/vec4 v0x8b6a6f8_0, 0, 8;
    %delay 10000, 0;
    %pushi/vec4 1, 0, 1;
    %store/vec4 v0x8b6a5b0_0, 0, 1;
    %delay 50000, 0;
    %pushi/vec4 0, 0, 1;
    %store/vec4 v0x8b6a5b0_0, 0, 1;
    %delay 200000, 0;
    %pushi/vec4 1, 0, 1;
    %store/vec4 v0x8b6a7e8_0, 0, 1;
    %pushi/vec4 0, 0, 1;
    %store/vec4 v0x8b6a8d8_0, 0, 1;
    %pushi/vec4 3754, 0, 12;
    %store/vec4 v0x8b6a518_0, 0, 12;
    %pushi/vec4 255, 255, 8;
    %store/vec4 v0x8b6a6f8_0, 0, 8;
    %delay 200000, 0;
    %pushi/vec4 1, 0, 1;
    %store/vec4 v0x8b6a7e8_0, 0, 1;
    %pushi/vec4 0, 0, 1;
    %store/vec4 v0x8b6a8d8_0, 0, 1;
    %pushi/vec4 4014, 0, 12;
    %store/vec4 v0x8b6a518_0, 0, 12;
    %pushi/vec4 255, 255, 8;
    %store/vec4 v0x8b6a6f8_0, 0, 8;
    %delay 250000, 0;
    %pushi/vec4 1, 0, 1;
    %store/vec4 v0x8b6a7e8_0, 0, 1;
    %pushi/vec4 0, 0, 1;
    %store/vec4 v0x8b6a8d8_0, 0, 1;
    %pushi/vec4 3752, 0, 12;
    %store/vec4 v0x8b6a518_0, 0, 12;
    %pushi/vec4 255, 255, 8;
    %store/vec4 v0x8b6a6f8_0, 0, 8;
    %pushi/real 1825361100, 4066; load=1.70000
    %pushi/real 3355443, 4044; load=1.70000
    %add/wr;
    %store/real v0x8b6a2a0_0;
    %pushi/real 0, 4065; load=0.00000
    %store/real v0x8b6a2f8_0;
    %delay 2000000, 0;
    %pushi/vec4 0, 0, 1;
    %store/vec4 v0x8b6a7e8_0, 0, 1;
    %pushi/vec4 1, 0, 1;
    %store/vec4 v0x8b6a8d8_0, 0, 1;
    %pushi/vec4 1738, 0, 12;
    %store/vec4 v0x8b6a518_0, 0, 12;
    %pushi/vec4 170, 0, 8;
    %store/vec4 v0x8b6a6f8_0, 0, 8;
    %delay 2500000, 0;
    %pushi/vec4 0, 0, 1;
    %store/vec4 v0x8b6a7e8_0, 0, 1;
    %pushi/vec4 1, 0, 1;
    %store/vec4 v0x8b6a8d8_0, 0, 1;
    %pushi/vec4 2858, 0, 12;
    %store/vec4 v0x8b6a518_0, 0, 12;
    %pushi/vec4 186, 0, 8;
    %store/vec4 v0x8b6a6f8_0, 0, 8;
    %pushi/real 1677721600, 4072; load=100.000
    %store/real v0x8b6a6a0_0;
    %pushi/real 1932735283, 4066; load=1.80000
    %pushi/real 838861, 4044; load=1.80000
    %add/wr;
    %store/real v0x8b6a2a0_0;
    %pushi/real 0, 4065; load=0.00000
    %store/real v0x8b6a2f8_0;
    %delay 200000, 0;
    %pushi/vec4 1, 0, 1;
    %store/vec4 v0x8b6a7e8_0, 0, 1;
    %pushi/vec4 0, 0, 1;
    %store/vec4 v0x8b6a8d8_0, 0, 1;
    %pushi/vec4 3754, 0, 12;
    %store/vec4 v0x8b6a518_0, 0, 12;
    %pushi/vec4 255, 255, 8;
    %store/vec4 v0x8b6a6f8_0, 0, 8;
    %delay 200000, 0;
    %pushi/vec4 1, 0, 1;
    %store/vec4 v0x8b6a7e8_0, 0, 1;
    %pushi/vec4 0, 0, 1;
    %store/vec4 v0x8b6a8d8_0, 0, 1;
    %pushi/vec4 4014, 0, 12;
    %store/vec4 v0x8b6a518_0, 0, 12;
    %pushi/vec4 255, 255, 8;
    %store/vec4 v0x8b6a6f8_0, 0, 8;
    %delay 250000, 0;
    %pushi/vec4 1, 0, 1;
    %store/vec4 v0x8b6a7e8_0, 0, 1;
    %pushi/vec4 0, 0, 1;
    %store/vec4 v0x8b6a8d8_0, 0, 1;
    %pushi/vec4 3752, 0, 12;
    %store/vec4 v0x8b6a518_0, 0, 12;
    %pushi/vec4 255, 255, 8;
    %store/vec4 v0x8b6a6f8_0, 0, 8;
    %delay 2000000, 0;
    %vpi_call 2 81 "$finish" {0 0 0};
    %end;
    .thread T_10;
# The file index is used to find the file name in the following table.
:file_names 4;
    "N/A";
    "<interactive>";
    "mem_tb.v";
    "./mem_top.v";
