#! /usr/bin/vvp
:ivl_version "10.1 (stable)";
:ivl_delay_selection "TYPICAL";
:vpi_time_precision - 12;
:vpi_module "system";
:vpi_module "vhdl_sys";
:vpi_module "v2005_math";
:vpi_module "va_math";
S_0x9d1efa0 .scope module, "memtb" "memtb" 2 3;
 .timescale -9 -12;
v0x9d526a0_0 .var "add", 11 0;
v0x9d52738_0 .var "cen", 0 0;
v0x9d527b0_0 .var "clk", 0 0;
v0x9d52828_0 .var "din", 7 0;
v0x9d528a0_0 .net "dout", 7 0, v0x9d520e8_0;  1 drivers
v0x9d52918_0 .var "rd", 0 0;
v0x9d52990_0 .var "rst", 0 0;
v0x9d52a08_0 .var "timevar", 0 0;
v0x9d52a60_0 .var "wr", 0 0;
S_0x9d1f068 .scope module, "uut" "mem_top" 2 8, 3 3 0, S_0x9d1efa0;
 .timescale -9 -12;
    .port_info 0 /OUTPUT 8 "dout"
    .port_info 1 /INPUT 8 "din"
    .port_info 2 /INPUT 1 "cen"
    .port_info 3 /INPUT 1 "clk"
    .port_info 4 /INPUT 1 "rst"
    .port_info 5 /INPUT 12 "add"
    .port_info 6 /INPUT 1 "rd"
    .port_info 7 /INPUT 1 "wr"
v0x9ce6e18_0 .net "add", 11 0, v0x9d526a0_0;  1 drivers
v0x9d51f98_0 .net "cen", 0 0, v0x9d52738_0;  1 drivers
v0x9d52000_0 .net "clk", 0 0, v0x9d527b0_0;  1 drivers
v0x9d52070_0 .net "din", 7 0, v0x9d52828_0;  1 drivers
v0x9d520e8_0 .var "dout", 7 0;
v0x9d52188_0 .var/i "i", 31 0;
v0x9d52200_0 .var/i "j", 31 0;
v0x9d52278 .array "mem", 4095 0, 7 0;
v0x9d522e0_0 .net "rd", 0 0, v0x9d52918_0;  1 drivers
v0x9d52390_0 .net "rst", 0 0, v0x9d52990_0;  1 drivers
v0x9d523f8_0 .var "tempadd", 11 0;
v0x9d52470_0 .var "tempdata", 7 0;
v0x9d524e8_0 .var/real "vdd", 0 0;
v0x9d52550_0 .var/real "vss", 0 0;
v0x9d525b8_0 .net "wr", 0 0, v0x9d52a60_0;  1 drivers
E_0x9ce6d60/0 .event edge, v0x9d522e0_0;
E_0x9ce6d60/1 .event posedge, v0x9d52000_0;
E_0x9ce6d60 .event/or E_0x9ce6d60/0, E_0x9ce6d60/1;
E_0x9ce6d88/0 .event edge, v0x9d525b8_0;
E_0x9ce6d88/1 .event posedge, v0x9d52000_0;
E_0x9ce6d88 .event/or E_0x9ce6d88/0, E_0x9ce6d88/1;
E_0x9ce6db0 .event edge, v0x9d52390_0;
E_0x9ce6dd8 .event posedge, v0x9d51f98_0;
    .scope S_0x9d1f068;
T_0 ;
    %wait E_0x9ce6dd8;
    %pushi/vec4 255, 255, 8;
    %store/vec4 v0x9d520e8_0, 0, 8;
    %jmp T_0;
    .thread T_0;
    .scope S_0x9d1f068;
T_1 ;
    %wait E_0x9ce6db0;
    %pushi/vec4 0, 0, 32;
    %store/vec4 v0x9d52188_0, 0, 32;
T_1.0 ;
    %load/vec4 v0x9d52188_0;
    %cmpi/s 4, 0, 32;
    %jmp/0xz T_1.1, 5;
    %pushi/vec4 0, 0, 32;
    %store/vec4 v0x9d52200_0, 0, 32;
T_1.2 ;
    %load/vec4 v0x9d52200_0;
    %cmpi/s 1024, 0, 32;
    %jmp/0xz T_1.3, 5;
    %pushi/vec4 0, 0, 8;
    %load/vec4 v0x9d52188_0;
    %pad/s 43;
    %pad/s 53;
    %muli 1024, 0, 53;
    %pad/s 54;
    %load/vec4 v0x9d52200_0;
    %pad/s 54;
    %add;
    %ix/vec4/s 4;
    %store/vec4a v0x9d52278, 4, 0;
    %load/vec4 v0x9d52200_0;
    %addi 1, 0, 32;
    %store/vec4 v0x9d52200_0, 0, 32;
    %jmp T_1.2;
T_1.3 ;
    %load/vec4 v0x9d52188_0;
    %addi 1, 0, 32;
    %store/vec4 v0x9d52188_0, 0, 32;
    %jmp T_1.0;
T_1.1 ;
    %jmp T_1;
    .thread T_1, $push;
    .scope S_0x9d1f068;
T_2 ;
    %wait E_0x9ce6d88;
    %load/vec4 v0x9ce6e18_0;
    %store/vec4 v0x9d523f8_0, 0, 12;
    %load/vec4 v0x9d52070_0;
    %store/vec4 v0x9d52470_0, 0, 8;
    %load/vec4 v0x9d52470_0;
    %load/vec4 v0x9ce6e18_0;
    %parti/s 2, 10, 5;
    %pad/u 15;
    %pad/u 25;
    %muli 1024, 0, 25;
    %pad/u 26;
    %load/vec4 v0x9ce6e18_0;
    %parti/s 10, 0, 2;
    %pad/u 12;
    %pad/u 26;
    %add;
    %ix/vec4 4;
    %store/vec4a v0x9d52278, 4, 0;
    %jmp T_2;
    .thread T_2;
    .scope S_0x9d1f068;
T_3 ;
    %wait E_0x9ce6d60;
    %load/vec4 v0x9ce6e18_0;
    %store/vec4 v0x9d523f8_0, 0, 12;
    %load/vec4 v0x9ce6e18_0;
    %parti/s 2, 10, 5;
    %pad/u 15;
    %pad/u 25;
    %muli 1024, 0, 25;
    %pad/u 26;
    %load/vec4 v0x9ce6e18_0;
    %parti/s 10, 0, 2;
    %pad/u 12;
    %pad/u 26;
    %add;
    %ix/vec4 4;
    %load/vec4a v0x9d52278, 4;
    %store/vec4 v0x9d52470_0, 0, 8;
    %load/vec4 v0x9d52470_0;
    %store/vec4 v0x9d520e8_0, 0, 8;
    %jmp T_3;
    .thread T_3;
    .scope S_0x9d1efa0;
T_4 ;
    %pushi/real 1932735283, 4066; load=1.80000
    %pushi/real 838861, 4044; load=1.80000
    %add/wr;
    %store/real v0x9d524e8_0;
    %pushi/real 0, 4065; load=0.00000
    %store/real v0x9d52550_0;
    %vpi_call 2 13 "$dumpfile", "mem_top.vcd" {0 0 0};
    %vpi_call 2 14 "$dumpvars", 32'sb00000000000000000000000000000000, S_0x9d1efa0 {0 0 0};
    %pushi/vec4 1, 0, 1;
    %store/vec4 v0x9d527b0_0, 0, 1;
    %pushi/vec4 0, 0, 1;
    %store/vec4 v0x9d52a08_0, 0, 1;
    %end;
    .thread T_4;
    .scope S_0x9d1efa0;
T_5 ;
    %delay 500000, 0;
    %load/vec4 v0x9d527b0_0;
    %inv;
    %store/vec4 v0x9d527b0_0, 0, 1;
    %jmp T_5;
    .thread T_5;
    .scope S_0x9d1efa0;
T_6 ;
    %vpi_call 2 23 "$dumpfile", "mem_top.vcd" {0 0 0};
    %vpi_call 2 24 "$dumpvars", 32'sb00000000000000000000000000000000, S_0x9d1efa0 {0 0 0};
    %delay 1000000, 0;
    %pushi/vec4 0, 0, 1;
    %store/vec4 v0x9d52990_0, 0, 1;
    %pushi/vec4 0, 0, 1;
    %store/vec4 v0x9d52918_0, 0, 1;
    %pushi/vec4 1, 0, 1;
    %store/vec4 v0x9d52a60_0, 0, 1;
    %pushi/vec4 682, 0, 12;
    %store/vec4 v0x9d526a0_0, 0, 12;
    %pushi/vec4 170, 0, 8;
    %store/vec4 v0x9d52828_0, 0, 8;
    %delay 2500000, 0;
    %pushi/vec4 0, 0, 1;
    %store/vec4 v0x9d52990_0, 0, 1;
    %pushi/vec4 1, 0, 1;
    %store/vec4 v0x9d52918_0, 0, 1;
    %pushi/vec4 0, 0, 1;
    %store/vec4 v0x9d52a60_0, 0, 1;
    %pushi/vec4 682, 0, 12;
    %store/vec4 v0x9d526a0_0, 0, 12;
    %delay 3500000, 0;
    %pushi/vec4 0, 0, 1;
    %store/vec4 v0x9d52990_0, 0, 1;
    %pushi/vec4 0, 0, 1;
    %store/vec4 v0x9d52738_0, 0, 1;
    %pushi/vec4 0, 0, 1;
    %store/vec4 v0x9d52918_0, 0, 1;
    %pushi/vec4 1, 0, 1;
    %store/vec4 v0x9d52a60_0, 0, 1;
    %pushi/vec4 1738, 0, 12;
    %store/vec4 v0x9d526a0_0, 0, 12;
    %pushi/vec4 174, 0, 8;
    %store/vec4 v0x9d52828_0, 0, 8;
    %delay 4000000, 0;
    %pushi/vec4 0, 0, 1;
    %store/vec4 v0x9d52990_0, 0, 1;
    %pushi/vec4 0, 0, 1;
    %store/vec4 v0x9d52738_0, 0, 1;
    %pushi/vec4 0, 0, 1;
    %store/vec4 v0x9d52918_0, 0, 1;
    %pushi/vec4 1, 0, 1;
    %store/vec4 v0x9d52a60_0, 0, 1;
    %pushi/vec4 1739, 0, 12;
    %store/vec4 v0x9d526a0_0, 0, 12;
    %pushi/vec4 175, 0, 8;
    %store/vec4 v0x9d52828_0, 0, 8;
    %delay 6000000, 0;
    %pushi/vec4 0, 0, 1;
    %store/vec4 v0x9d52990_0, 0, 1;
    %pushi/vec4 1, 0, 1;
    %store/vec4 v0x9d52918_0, 0, 1;
    %pushi/vec4 0, 0, 1;
    %store/vec4 v0x9d52a60_0, 0, 1;
    %pushi/vec4 1739, 0, 12;
    %store/vec4 v0x9d526a0_0, 0, 12;
    %delay 7000000, 0;
    %pushi/vec4 0, 0, 1;
    %store/vec4 v0x9d52990_0, 0, 1;
    %pushi/vec4 0, 0, 1;
    %store/vec4 v0x9d52918_0, 0, 1;
    %pushi/vec4 1, 0, 1;
    %store/vec4 v0x9d52a60_0, 0, 1;
    %pushi/vec4 2858, 0, 12;
    %store/vec4 v0x9d526a0_0, 0, 12;
    %pushi/vec4 186, 0, 8;
    %store/vec4 v0x9d52828_0, 0, 8;
    %delay 9000000, 0;
    %pushi/vec4 0, 0, 1;
    %store/vec4 v0x9d52990_0, 0, 1;
    %pushi/vec4 1, 0, 1;
    %store/vec4 v0x9d52918_0, 0, 1;
    %pushi/vec4 0, 0, 1;
    %store/vec4 v0x9d52a60_0, 0, 1;
    %pushi/vec4 2858, 0, 12;
    %store/vec4 v0x9d526a0_0, 0, 12;
    %delay 11000000, 0;
    %pushi/vec4 0, 0, 1;
    %store/vec4 v0x9d52990_0, 0, 1;
    %pushi/vec4 1, 0, 1;
    %store/vec4 v0x9d52918_0, 0, 1;
    %pushi/vec4 0, 0, 1;
    %store/vec4 v0x9d52a60_0, 0, 1;
    %pushi/vec4 682, 0, 12;
    %store/vec4 v0x9d526a0_0, 0, 12;
    %delay 12000000, 0;
    %pushi/vec4 0, 0, 1;
    %store/vec4 v0x9d52990_0, 0, 1;
    %pushi/vec4 0, 0, 1;
    %store/vec4 v0x9d52738_0, 0, 1;
    %pushi/vec4 0, 0, 1;
    %store/vec4 v0x9d52918_0, 0, 1;
    %pushi/vec4 1, 0, 1;
    %store/vec4 v0x9d52a60_0, 0, 1;
    %pushi/vec4 3754, 0, 12;
    %store/vec4 v0x9d526a0_0, 0, 12;
    %pushi/vec4 234, 0, 8;
    %store/vec4 v0x9d52828_0, 0, 8;
    %delay 14000000, 0;
    %pushi/vec4 0, 0, 1;
    %store/vec4 v0x9d52990_0, 0, 1;
    %pushi/vec4 1, 0, 1;
    %store/vec4 v0x9d52918_0, 0, 1;
    %pushi/vec4 0, 0, 1;
    %store/vec4 v0x9d52a60_0, 0, 1;
    %pushi/vec4 3754, 0, 12;
    %store/vec4 v0x9d526a0_0, 0, 12;
    %delay 16000000, 0;
    %pushi/vec4 0, 0, 1;
    %store/vec4 v0x9d52990_0, 0, 1;
    %pushi/vec4 0, 0, 1;
    %store/vec4 v0x9d52918_0, 0, 1;
    %pushi/vec4 1, 0, 1;
    %store/vec4 v0x9d52a60_0, 0, 1;
    %pushi/vec4 3752, 0, 12;
    %store/vec4 v0x9d526a0_0, 0, 12;
    %pushi/vec4 186, 0, 8;
    %store/vec4 v0x9d52828_0, 0, 8;
    %delay 15000000, 0;
    %pushi/vec4 0, 0, 1;
    %store/vec4 v0x9d52990_0, 0, 1;
    %pushi/vec4 1, 0, 1;
    %store/vec4 v0x9d52918_0, 0, 1;
    %pushi/vec4 0, 0, 1;
    %store/vec4 v0x9d52a60_0, 0, 1;
    %pushi/vec4 4013, 0, 12;
    %store/vec4 v0x9d526a0_0, 0, 12;
    %delay 20000, 0;
    %vpi_call 2 50 "$finish" {0 0 0};
    %end;
    .thread T_6;
# The file index is used to find the file name in the following table.
:file_names 4;
    "N/A";
    "<interactive>";
    "mem_tb.v";
    "./mem_top.v";
