#! /usr/bin/vvp
:ivl_version "10.1 (stable)";
:ivl_delay_selection "TYPICAL";
:vpi_time_precision - 12;
:vpi_module "system";
:vpi_module "vhdl_sys";
:vpi_module "v2005_math";
:vpi_module "va_math";
S_0x9b1f798 .scope module, "memtb" "memtb" 2 3;
 .timescale -9 -12;
v0x9b5f1f0_0 .var "add", 11 0;
v0x9b5f288_0 .var "cen", 0 0;
v0x9b5f300_0 .var "clk", 0 0;
v0x9b5f378_0 .var "din", 7 0;
v0x9b5f3f0_0 .net "dout", 7 0, v0x9b5ea68_0;  1 drivers
v0x9b5f490_0 .var "rd", 0 0;
v0x9b5f508_0 .var "rst", 0 0;
v0x9b5f580_0 .var "wr", 0 0;
S_0x9b1f860 .scope module, "uut" "mem_top" 2 8, 3 1 0, S_0x9b1f798;
 .timescale -9 -12;
    .port_info 0 /INPUT 1 "cen"
    .port_info 1 /INPUT 1 "clk"
    .port_info 2 /INPUT 8 "din"
    .port_info 3 /INPUT 12 "add"
    .port_info 4 /INPUT 1 "rst"
    .port_info 5 /INPUT 1 "rd"
    .port_info 6 /INPUT 1 "wr"
    .port_info 7 /OUTPUT 8 "dout"
v0x9b5e778_0 .var *"_s6", 0 0; Local signal
v0x9b5e800_0 .net "add", 11 0, v0x9b5f1f0_0;  1 drivers
v0x9b5e878_0 .var "bank", 1 0;
v0x9b5e8f8_0 .net "cen", 0 0, v0x9b5f288_0;  1 drivers
v0x9b5e960_0 .net "clk", 0 0, v0x9b5f300_0;  1 drivers
v0x9b5e9f0_0 .net "din", 7 0, v0x9b5f378_0;  1 drivers
v0x9b5ea68_0 .var "dout", 7 0;
v0x9b5eae0_0 .var/i "i", 31 0;
v0x9b5eb58_0 .var/i "j", 31 0;
v0x9b5ec18 .array "memory", 4095 0, 7 0;
v0x9b5ec80_0 .net "rd", 0 0, v0x9b5f490_0;  1 drivers
v0x9b5ece8_0 .var "readStatus", 0 0;
v0x9b5ed50_0 .net "rst", 0 0, v0x9b5f508_0;  1 drivers
v0x9b5edb8_0 .var "status", 0 0;
v0x9b5ee20_0 .var "temp_address", 11 0;
v0x9b5ee98_0 .var "temp_data", 7 0;
v0x9b5ef10_0 .var/real "vdd", 0 0;
v0x9b5eff0_0 .var/real "vss", 0 0;
v0x9b5f048_0 .net "wr", 0 0, v0x9b5f580_0;  1 drivers
v0x9b5f0a0_0 .var "wr_chk", 7 0;
v0x9b5f108_0 .var "writeStatus", 0 0;
E_0x9b30058 .event posedge, v0x9b5e8f8_0;
E_0x9b2da08 .event edge, v0x9b5f108_0;
E_0x9b2d040 .event edge, v0x9b5ece8_0;
S_0x9ae4cf8 .scope task, "read" "read" 3 26, 3 26 0, S_0x9b1f860;
 .timescale -9 -12;
v0x9b2d098_0 .var *"_s0", 7 0; Local signal
v0x9b5e490_0 .var "address", 11 0;
E_0x9ae4de8 .event posedge, v0x9b5e960_0;
TD_memtb.uut.read ;
    %load/vec4 v0x9b5e490_0;
    %store/vec4 v0x9b5ee20_0, 0, 12;
    %wait E_0x9ae4de8;
    %load/vec4 v0x9b5edb8_0;
    %pad/u 32;
    %cmpi/e 0, 0, 32;
    %flag_mov 8, 4;
    %jmp/0 T_0.0, 8;
    %load/vec4 v0x9b5ee20_0;
    %parti/s 2, 10, 5;
    %pad/u 15;
    %pad/u 25;
    %muli 1024, 0, 25;
    %pad/u 26;
    %load/vec4 v0x9b5ee20_0;
    %parti/s 10, 0, 2;
    %pad/u 12;
    %pad/u 26;
    %add;
    %ix/vec4 4;
    %load/vec4a v0x9b5ec18, 4;
    %jmp/1 T_0.1, 8;
T_0.0 ; End of true expr.
    %pushi/vec4 255, 255, 8;
    %jmp/0 T_0.1, 8;
 ; End of false expr.
    %blend;
T_0.1;
    %store/vec4 v0x9b2d098_0, 0, 8;
    %wait E_0x9ae4de8;
    %load/vec4 v0x9b2d098_0;
    %store/vec4 v0x9b5ea68_0, 0, 8;
    %pushi/vec4 0, 0, 1;
    %store/vec4 v0x9b5edb8_0, 0, 1;
    %end;
S_0x9b5e508 .scope task, "write" "write" 3 36, 3 36 0, S_0x9b1f860;
 .timescale -9 -12;
v0x9b5e608_0 .var *"_s0", 7 0; Local signal
v0x9b5e680_0 .var "address", 11 0;
v0x9b5e6f8_0 .var "datain", 7 0;
TD_memtb.uut.write ;
    %load/vec4 v0x9b5e6f8_0;
    %store/vec4 v0x9b5ee98_0, 0, 8;
    %load/vec4 v0x9b5e680_0;
    %store/vec4 v0x9b5ee20_0, 0, 12;
    %load/vec4 v0x9b5edb8_0;
    %pad/u 32;
    %cmpi/e 0, 0, 32;
    %flag_mov 8, 4;
    %jmp/0 T_1.2, 8;
    %load/vec4 v0x9b5ee98_0;
    %jmp/1 T_1.3, 8;
T_1.2 ; End of true expr.
    %pushi/vec4 255, 255, 8;
    %jmp/0 T_1.3, 8;
 ; End of false expr.
    %blend;
T_1.3;
    %store/vec4 v0x9b5e608_0, 0, 8;
    %wait E_0x9ae4de8;
    %load/vec4 v0x9b5e608_0;
    %load/vec4 v0x9b5ee20_0;
    %parti/s 2, 10, 5;
    %pad/u 15;
    %pad/u 25;
    %muli 1024, 0, 25;
    %pad/u 26;
    %load/vec4 v0x9b5ee20_0;
    %parti/s 10, 0, 2;
    %pad/u 12;
    %pad/u 26;
    %add;
    %ix/vec4 4;
    %store/vec4a v0x9b5ec18, 4, 0;
    %load/vec4 v0x9b5ee20_0;
    %parti/s 2, 10, 5;
    %pad/u 15;
    %pad/u 25;
    %muli 1024, 0, 25;
    %pad/u 26;
    %load/vec4 v0x9b5ee20_0;
    %parti/s 10, 0, 2;
    %pad/u 12;
    %pad/u 26;
    %add;
    %ix/vec4 4;
    %load/vec4a v0x9b5ec18, 4;
    %store/vec4 v0x9b5f0a0_0, 0, 8;
    %pushi/vec4 0, 0, 1;
    %store/vec4 v0x9b5edb8_0, 0, 1;
    %end;
    .scope S_0x9b1f860;
T_2 ;
    %pushi/vec4 0, 0, 1;
    %store/vec4 v0x9b5ece8_0, 0, 1;
    %pushi/vec4 0, 0, 1;
    %store/vec4 v0x9b5f108_0, 0, 1;
    %pushi/vec4 0, 0, 1;
    %store/vec4 v0x9b5edb8_0, 0, 1;
    %end;
    .thread T_2;
    .scope S_0x9b1f860;
T_3 ;
    %wait E_0x9b2d040;
    %load/vec4 v0x9b5e800_0;
    %store/vec4 v0x9b5e490_0, 0, 12;
    %fork TD_memtb.uut.read, S_0x9ae4cf8;
    %join;
    %jmp T_3;
    .thread T_3, $push;
    .scope S_0x9b1f860;
T_4 ;
    %wait E_0x9b2da08;
    %load/vec4 v0x9b5e800_0;
    %store/vec4 v0x9b5e680_0, 0, 12;
    %load/vec4 v0x9b5e9f0_0;
    %store/vec4 v0x9b5e6f8_0, 0, 8;
    %fork TD_memtb.uut.write, S_0x9b5e508;
    %join;
    %jmp T_4;
    .thread T_4, $push;
    .scope S_0x9b1f860;
T_5 ;
    %wait E_0x9b30058;
    %load/vec4 v0x9b5e8f8_0;
    %pad/u 32;
    %cmpi/e 1, 0, 32;
    %flag_mov 8, 4;
    %jmp/0 T_5.0, 8;
    %pushi/vec4 1, 0, 2;
    %jmp/1 T_5.1, 8;
T_5.0 ; End of true expr.
    %pushi/vec4 0, 0, 2;
    %jmp/0 T_5.1, 8;
 ; End of false expr.
    %blend;
T_5.1;
    %pad/s 1;
    %store/vec4 v0x9b5edb8_0, 0, 1;
    %jmp T_5;
    .thread T_5;
    .scope S_0x9b1f860;
T_6 ;
    %wait E_0x9ae4de8;
    %load/vec4 v0x9b5e800_0;
    %parti/s 2, 10, 5;
    %store/vec4 v0x9b5e878_0, 0, 2;
    %load/real v0x9b5ef10_0;
    %pushi/real 1932735283, 4066; load=1.80000
    %pushi/real 838861, 4044; load=1.80000
    %add/wr;
    %cmp/wr;
    %flag_get/vec4 4;
    %load/real v0x9b5eff0_0;
    %pushi/vec4 0, 0, 32;
    %ix/vec4/s 4;
    %cvt/rs 4;
    %cmp/wr;
    %flag_get/vec4 4;
    %and;
    %flag_set/vec4 8;
    %jmp/0xz  T_6.0, 8;
    %load/vec4 v0x9b5e8f8_0;
    %nor/r;
    %load/vec4 v0x9b5ed50_0;
    %nor/r;
    %and;
    %load/vec4 v0x9b5ec80_0;
    %and;
    %load/vec4 v0x9b5f048_0;
    %nor/r;
    %and;
    %flag_set/vec4 8;
    %jmp/0xz  T_6.2, 8;
    %load/vec4 v0x9b5ece8_0;
    %inv;
    %store/vec4 v0x9b5e778_0, 0, 1;
    %wait E_0x9ae4de8;
    %load/vec4 v0x9b5e778_0;
    %store/vec4 v0x9b5ece8_0, 0, 1;
T_6.2 ;
    %load/vec4 v0x9b5e8f8_0;
    %nor/r;
    %load/vec4 v0x9b5ed50_0;
    %nor/r;
    %and;
    %load/vec4 v0x9b5ec80_0;
    %nor/r;
    %and;
    %load/vec4 v0x9b5f048_0;
    %and;
    %flag_set/vec4 8;
    %jmp/0xz  T_6.4, 8;
    %load/vec4 v0x9b5f108_0;
    %inv;
    %store/vec4 v0x9b5f108_0, 0, 1;
T_6.4 ;
    %load/vec4 v0x9b5ed50_0;
    %flag_set/vec4 8;
    %jmp/0xz  T_6.6, 8;
    %pushi/vec4 0, 0, 32;
    %store/vec4 v0x9b5eae0_0, 0, 32;
T_6.8 ;
    %load/vec4 v0x9b5eae0_0;
    %cmpi/s 4, 0, 32;
    %jmp/0xz T_6.9, 5;
    %pushi/vec4 0, 0, 32;
    %store/vec4 v0x9b5eb58_0, 0, 32;
T_6.10 ;
    %load/vec4 v0x9b5eb58_0;
    %cmpi/s 1024, 0, 32;
    %jmp/0xz T_6.11, 5;
    %pushi/vec4 0, 0, 8;
    %load/vec4 v0x9b5eae0_0;
    %pad/s 43;
    %pad/s 53;
    %muli 1024, 0, 53;
    %pad/s 54;
    %load/vec4 v0x9b5eb58_0;
    %pad/s 54;
    %add;
    %ix/vec4/s 3;
    %ix/load 4, 0, 0; Constant delay
    %assign/vec4/a/d v0x9b5ec18, 0, 4;
    %load/vec4 v0x9b5eb58_0;
    %addi 1, 0, 32;
    %store/vec4 v0x9b5eb58_0, 0, 32;
    %jmp T_6.10;
T_6.11 ;
    %load/vec4 v0x9b5eae0_0;
    %addi 1, 0, 32;
    %store/vec4 v0x9b5eae0_0, 0, 32;
    %jmp T_6.8;
T_6.9 ;
T_6.6 ;
    %jmp T_6.1;
T_6.0 ;
    %pushi/vec4 0, 0, 8;
    %store/vec4 v0x9b5ea68_0, 0, 8;
T_6.1 ;
    %load/vec4 v0x9b5e8f8_0;
    %flag_set/vec4 8;
    %jmp/0xz  T_6.12, 8;
    %pushi/vec4 0, 0, 8;
    %store/vec4 v0x9b5ea68_0, 0, 8;
T_6.12 ;
    %jmp T_6;
    .thread T_6;
    .scope S_0x9b1f798;
T_7 ;
    %pushi/vec4 0, 0, 1;
    %store/vec4 v0x9b5f300_0, 0, 1;
    %end;
    .thread T_7;
    .scope S_0x9b1f798;
T_8 ;
    %delay 500000, 0;
    %load/vec4 v0x9b5f300_0;
    %inv;
    %store/vec4 v0x9b5f300_0, 0, 1;
    %jmp T_8;
    .thread T_8;
    .scope S_0x9b1f798;
T_9 ;
    %pushi/real 1932735283, 4066; load=1.80000
    %pushi/real 838861, 4044; load=1.80000
    %add/wr;
    %store/real v0x9b5ef10_0;
    %pushi/real 0, 4065; load=0.00000
    %store/real v0x9b5eff0_0;
    %vpi_call 2 18 "$dumpfile", "memory.vcd" {0 0 0};
    %vpi_call 2 19 "$dumpvars", 32'sb00000000000000000000000000000000, S_0x9b1f798 {0 0 0};
    %pushi/vec4 0, 0, 1;
    %store/vec4 v0x9b5f288_0, 0, 1;
    %pushi/vec4 1, 0, 1;
    %store/vec4 v0x9b5f508_0, 0, 1;
    %delay 100000, 0;
    %pushi/vec4 0, 0, 1;
    %store/vec4 v0x9b5f508_0, 0, 1;
    %pushi/vec4 0, 0, 1;
    %store/vec4 v0x9b5f490_0, 0, 1;
    %pushi/vec4 1, 0, 1;
    %store/vec4 v0x9b5f580_0, 0, 1;
    %pushi/vec4 682, 0, 12;
    %store/vec4 v0x9b5f1f0_0, 0, 12;
    %pushi/vec4 170, 0, 8;
    %store/vec4 v0x9b5f378_0, 0, 8;
    %delay 2000000, 0;
    %pushi/vec4 0, 0, 1;
    %store/vec4 v0x9b5f490_0, 0, 1;
    %pushi/vec4 1, 0, 1;
    %store/vec4 v0x9b5f580_0, 0, 1;
    %pushi/vec4 1738, 0, 12;
    %store/vec4 v0x9b5f1f0_0, 0, 12;
    %pushi/vec4 234, 0, 8;
    %store/vec4 v0x9b5f378_0, 0, 8;
    %delay 2500000, 0;
    %pushi/vec4 0, 0, 1;
    %store/vec4 v0x9b5f490_0, 0, 1;
    %pushi/vec4 1, 0, 1;
    %store/vec4 v0x9b5f580_0, 0, 1;
    %pushi/vec4 2858, 0, 12;
    %store/vec4 v0x9b5f1f0_0, 0, 12;
    %pushi/vec4 186, 0, 8;
    %store/vec4 v0x9b5f378_0, 0, 8;
    %delay 2000000, 0;
    %pushi/vec4 0, 0, 1;
    %store/vec4 v0x9b5f490_0, 0, 1;
    %pushi/vec4 1, 0, 1;
    %store/vec4 v0x9b5f580_0, 0, 1;
    %pushi/vec4 3002, 0, 12;
    %store/vec4 v0x9b5f1f0_0, 0, 12;
    %pushi/vec4 250, 0, 8;
    %store/vec4 v0x9b5f378_0, 0, 8;
    %delay 1000000, 0;
    %pushi/vec4 0, 0, 1;
    %store/vec4 v0x9b5f490_0, 0, 1;
    %pushi/vec4 1, 0, 1;
    %store/vec4 v0x9b5f580_0, 0, 1;
    %pushi/vec4 3754, 0, 12;
    %store/vec4 v0x9b5f1f0_0, 0, 12;
    %pushi/vec4 238, 0, 8;
    %store/vec4 v0x9b5f378_0, 0, 8;
    %delay 2000000, 0;
    %pushi/vec4 0, 0, 1;
    %store/vec4 v0x9b5f490_0, 0, 1;
    %pushi/vec4 1, 0, 1;
    %store/vec4 v0x9b5f580_0, 0, 1;
    %pushi/vec4 4014, 0, 12;
    %store/vec4 v0x9b5f1f0_0, 0, 12;
    %pushi/vec4 254, 0, 8;
    %store/vec4 v0x9b5f378_0, 0, 8;
    %delay 400000, 0;
    %pushi/vec4 0, 0, 1;
    %store/vec4 v0x9b5f490_0, 0, 1;
    %pushi/vec4 1, 0, 1;
    %store/vec4 v0x9b5f580_0, 0, 1;
    %pushi/vec4 3752, 0, 12;
    %store/vec4 v0x9b5f1f0_0, 0, 12;
    %pushi/vec4 187, 0, 8;
    %store/vec4 v0x9b5f378_0, 0, 8;
    %delay 1200000, 0;
    %pushi/vec4 1, 0, 1;
    %store/vec4 v0x9b5f490_0, 0, 1;
    %pushi/vec4 0, 0, 1;
    %store/vec4 v0x9b5f580_0, 0, 1;
    %pushi/vec4 1738, 0, 12;
    %store/vec4 v0x9b5f1f0_0, 0, 12;
    %pushi/vec4 255, 255, 8;
    %store/vec4 v0x9b5f378_0, 0, 8;
    %delay 2500000, 0;
    %pushi/vec4 1, 0, 1;
    %store/vec4 v0x9b5f490_0, 0, 1;
    %pushi/vec4 0, 0, 1;
    %store/vec4 v0x9b5f580_0, 0, 1;
    %pushi/vec4 2858, 0, 12;
    %store/vec4 v0x9b5f1f0_0, 0, 12;
    %pushi/vec4 255, 255, 8;
    %store/vec4 v0x9b5f378_0, 0, 8;
    %delay 2000000, 0;
    %pushi/vec4 1, 0, 1;
    %store/vec4 v0x9b5f490_0, 0, 1;
    %pushi/vec4 0, 0, 1;
    %store/vec4 v0x9b5f580_0, 0, 1;
    %pushi/vec4 3002, 0, 12;
    %store/vec4 v0x9b5f1f0_0, 0, 12;
    %pushi/vec4 255, 255, 8;
    %store/vec4 v0x9b5f378_0, 0, 8;
    %delay 2000000, 0;
    %pushi/vec4 1, 0, 1;
    %store/vec4 v0x9b5f490_0, 0, 1;
    %pushi/vec4 0, 0, 1;
    %store/vec4 v0x9b5f580_0, 0, 1;
    %pushi/vec4 3754, 0, 12;
    %store/vec4 v0x9b5f1f0_0, 0, 12;
    %pushi/vec4 255, 255, 8;
    %store/vec4 v0x9b5f378_0, 0, 8;
    %delay 2000000, 0;
    %pushi/vec4 1, 0, 1;
    %store/vec4 v0x9b5f490_0, 0, 1;
    %pushi/vec4 0, 0, 1;
    %store/vec4 v0x9b5f580_0, 0, 1;
    %pushi/vec4 4014, 0, 12;
    %store/vec4 v0x9b5f1f0_0, 0, 12;
    %pushi/vec4 255, 255, 8;
    %store/vec4 v0x9b5f378_0, 0, 8;
    %delay 2500000, 0;
    %pushi/vec4 1, 0, 1;
    %store/vec4 v0x9b5f490_0, 0, 1;
    %pushi/vec4 0, 0, 1;
    %store/vec4 v0x9b5f580_0, 0, 1;
    %pushi/vec4 3752, 0, 12;
    %store/vec4 v0x9b5f1f0_0, 0, 12;
    %pushi/vec4 255, 255, 8;
    %store/vec4 v0x9b5f378_0, 0, 8;
    %delay 1000000, 0;
    %pushi/vec4 1, 0, 1;
    %store/vec4 v0x9b5f490_0, 0, 1;
    %pushi/vec4 0, 0, 1;
    %store/vec4 v0x9b5f580_0, 0, 1;
    %pushi/vec4 2858, 0, 12;
    %store/vec4 v0x9b5f1f0_0, 0, 12;
    %pushi/vec4 255, 255, 8;
    %store/vec4 v0x9b5f378_0, 0, 8;
    %delay 1000000, 0;
    %pushi/vec4 1, 0, 1;
    %store/vec4 v0x9b5f490_0, 0, 1;
    %pushi/vec4 0, 0, 1;
    %store/vec4 v0x9b5f580_0, 0, 1;
    %pushi/vec4 4013, 0, 12;
    %store/vec4 v0x9b5f1f0_0, 0, 12;
    %pushi/vec4 255, 255, 8;
    %store/vec4 v0x9b5f378_0, 0, 8;
    %delay 10000, 0;
    %pushi/vec4 1, 0, 1;
    %store/vec4 v0x9b5f288_0, 0, 1;
    %delay 2000000, 0;
    %pushi/vec4 0, 0, 1;
    %store/vec4 v0x9b5f490_0, 0, 1;
    %pushi/vec4 1, 0, 1;
    %store/vec4 v0x9b5f580_0, 0, 1;
    %pushi/vec4 4014, 0, 12;
    %store/vec4 v0x9b5f1f0_0, 0, 12;
    %pushi/vec4 254, 0, 8;
    %store/vec4 v0x9b5f378_0, 0, 8;
    %delay 2000000, 0;
    %pushi/vec4 0, 0, 1;
    %store/vec4 v0x9b5f490_0, 0, 1;
    %pushi/vec4 1, 0, 1;
    %store/vec4 v0x9b5f580_0, 0, 1;
    %pushi/vec4 3752, 0, 12;
    %store/vec4 v0x9b5f1f0_0, 0, 12;
    %pushi/vec4 186, 0, 8;
    %store/vec4 v0x9b5f378_0, 0, 8;
    %delay 2000000, 0;
    %pushi/vec4 1, 0, 1;
    %store/vec4 v0x9b5f490_0, 0, 1;
    %pushi/vec4 0, 0, 1;
    %store/vec4 v0x9b5f580_0, 0, 1;
    %pushi/vec4 3754, 0, 12;
    %store/vec4 v0x9b5f1f0_0, 0, 12;
    %delay 2000000, 0;
    %pushi/vec4 1, 0, 1;
    %store/vec4 v0x9b5f490_0, 0, 1;
    %pushi/vec4 0, 0, 1;
    %store/vec4 v0x9b5f580_0, 0, 1;
    %pushi/vec4 4014, 0, 12;
    %store/vec4 v0x9b5f1f0_0, 0, 12;
    %delay 10000, 0;
    %pushi/vec4 0, 0, 1;
    %store/vec4 v0x9b5f288_0, 0, 1;
    %delay 100000, 0;
    %pushi/vec4 0, 0, 1;
    %store/vec4 v0x9b5f508_0, 0, 1;
    %pushi/vec4 0, 0, 1;
    %store/vec4 v0x9b5f490_0, 0, 1;
    %pushi/vec4 1, 0, 1;
    %store/vec4 v0x9b5f580_0, 0, 1;
    %pushi/vec4 682, 0, 12;
    %store/vec4 v0x9b5f1f0_0, 0, 12;
    %pushi/vec4 170, 0, 8;
    %store/vec4 v0x9b5f378_0, 0, 8;
    %delay 200000, 0;
    %pushi/vec4 0, 0, 1;
    %store/vec4 v0x9b5f490_0, 0, 1;
    %pushi/vec4 1, 0, 1;
    %store/vec4 v0x9b5f580_0, 0, 1;
    %pushi/vec4 1738, 0, 12;
    %store/vec4 v0x9b5f1f0_0, 0, 12;
    %pushi/vec4 234, 0, 8;
    %store/vec4 v0x9b5f378_0, 0, 8;
    %delay 250000, 0;
    %pushi/vec4 0, 0, 1;
    %store/vec4 v0x9b5f490_0, 0, 1;
    %pushi/vec4 1, 0, 1;
    %store/vec4 v0x9b5f580_0, 0, 1;
    %pushi/vec4 2858, 0, 12;
    %store/vec4 v0x9b5f1f0_0, 0, 12;
    %pushi/vec4 186, 0, 8;
    %store/vec4 v0x9b5f378_0, 0, 8;
    %delay 200000, 0;
    %pushi/vec4 0, 0, 1;
    %store/vec4 v0x9b5f490_0, 0, 1;
    %pushi/vec4 1, 0, 1;
    %store/vec4 v0x9b5f580_0, 0, 1;
    %pushi/vec4 3002, 0, 12;
    %store/vec4 v0x9b5f1f0_0, 0, 12;
    %pushi/vec4 250, 0, 8;
    %store/vec4 v0x9b5f378_0, 0, 8;
    %delay 10000, 0;
    %pushi/vec4 1, 0, 1;
    %store/vec4 v0x9b5f288_0, 0, 1;
    %delay 50000, 0;
    %pushi/vec4 0, 0, 1;
    %store/vec4 v0x9b5f288_0, 0, 1;
    %delay 100000, 0;
    %pushi/vec4 0, 0, 1;
    %store/vec4 v0x9b5f490_0, 0, 1;
    %pushi/vec4 1, 0, 1;
    %store/vec4 v0x9b5f580_0, 0, 1;
    %pushi/vec4 3754, 0, 12;
    %store/vec4 v0x9b5f1f0_0, 0, 12;
    %pushi/vec4 238, 0, 8;
    %store/vec4 v0x9b5f378_0, 0, 8;
    %delay 200000, 0;
    %pushi/vec4 0, 0, 1;
    %store/vec4 v0x9b5f490_0, 0, 1;
    %pushi/vec4 1, 0, 1;
    %store/vec4 v0x9b5f580_0, 0, 1;
    %pushi/vec4 4014, 0, 12;
    %store/vec4 v0x9b5f1f0_0, 0, 12;
    %pushi/vec4 254, 0, 8;
    %store/vec4 v0x9b5f378_0, 0, 8;
    %delay 40000, 0;
    %pushi/vec4 0, 0, 1;
    %store/vec4 v0x9b5f490_0, 0, 1;
    %pushi/vec4 1, 0, 1;
    %store/vec4 v0x9b5f580_0, 0, 1;
    %pushi/vec4 3752, 0, 12;
    %store/vec4 v0x9b5f1f0_0, 0, 12;
    %pushi/vec4 187, 0, 8;
    %store/vec4 v0x9b5f378_0, 0, 8;
    %delay 120000, 0;
    %pushi/vec4 1, 0, 1;
    %store/vec4 v0x9b5f490_0, 0, 1;
    %pushi/vec4 0, 0, 1;
    %store/vec4 v0x9b5f580_0, 0, 1;
    %pushi/vec4 1738, 0, 12;
    %store/vec4 v0x9b5f1f0_0, 0, 12;
    %pushi/vec4 255, 255, 8;
    %store/vec4 v0x9b5f378_0, 0, 8;
    %delay 250000, 0;
    %pushi/vec4 1, 0, 1;
    %store/vec4 v0x9b5f490_0, 0, 1;
    %pushi/vec4 0, 0, 1;
    %store/vec4 v0x9b5f580_0, 0, 1;
    %pushi/vec4 2858, 0, 12;
    %store/vec4 v0x9b5f1f0_0, 0, 12;
    %pushi/vec4 255, 255, 8;
    %store/vec4 v0x9b5f378_0, 0, 8;
    %delay 200000, 0;
    %pushi/vec4 1, 0, 1;
    %store/vec4 v0x9b5f490_0, 0, 1;
    %pushi/vec4 0, 0, 1;
    %store/vec4 v0x9b5f580_0, 0, 1;
    %pushi/vec4 3002, 0, 12;
    %store/vec4 v0x9b5f1f0_0, 0, 12;
    %pushi/vec4 255, 255, 8;
    %store/vec4 v0x9b5f378_0, 0, 8;
    %delay 10000, 0;
    %pushi/vec4 1, 0, 1;
    %store/vec4 v0x9b5f288_0, 0, 1;
    %delay 50000, 0;
    %pushi/vec4 0, 0, 1;
    %store/vec4 v0x9b5f288_0, 0, 1;
    %delay 200000, 0;
    %pushi/vec4 1, 0, 1;
    %store/vec4 v0x9b5f490_0, 0, 1;
    %pushi/vec4 0, 0, 1;
    %store/vec4 v0x9b5f580_0, 0, 1;
    %pushi/vec4 3754, 0, 12;
    %store/vec4 v0x9b5f1f0_0, 0, 12;
    %pushi/vec4 255, 255, 8;
    %store/vec4 v0x9b5f378_0, 0, 8;
    %delay 200000, 0;
    %pushi/vec4 1, 0, 1;
    %store/vec4 v0x9b5f490_0, 0, 1;
    %pushi/vec4 0, 0, 1;
    %store/vec4 v0x9b5f580_0, 0, 1;
    %pushi/vec4 4014, 0, 12;
    %store/vec4 v0x9b5f1f0_0, 0, 12;
    %pushi/vec4 255, 255, 8;
    %store/vec4 v0x9b5f378_0, 0, 8;
    %delay 250000, 0;
    %pushi/vec4 1, 0, 1;
    %store/vec4 v0x9b5f490_0, 0, 1;
    %pushi/vec4 0, 0, 1;
    %store/vec4 v0x9b5f580_0, 0, 1;
    %pushi/vec4 3752, 0, 12;
    %store/vec4 v0x9b5f1f0_0, 0, 12;
    %pushi/vec4 255, 255, 8;
    %store/vec4 v0x9b5f378_0, 0, 8;
    %pushi/real 1825361100, 4066; load=1.70000
    %pushi/real 3355443, 4044; load=1.70000
    %add/wr;
    %store/real v0x9b5ef10_0;
    %pushi/real 0, 4065; load=0.00000
    %store/real v0x9b5eff0_0;
    %delay 2000000, 0;
    %pushi/vec4 0, 0, 1;
    %store/vec4 v0x9b5f490_0, 0, 1;
    %pushi/vec4 1, 0, 1;
    %store/vec4 v0x9b5f580_0, 0, 1;
    %pushi/vec4 1738, 0, 12;
    %store/vec4 v0x9b5f1f0_0, 0, 12;
    %pushi/vec4 170, 0, 8;
    %store/vec4 v0x9b5f378_0, 0, 8;
    %delay 2500000, 0;
    %pushi/vec4 0, 0, 1;
    %store/vec4 v0x9b5f490_0, 0, 1;
    %pushi/vec4 1, 0, 1;
    %store/vec4 v0x9b5f580_0, 0, 1;
    %pushi/vec4 2858, 0, 12;
    %store/vec4 v0x9b5f1f0_0, 0, 12;
    %pushi/vec4 186, 0, 8;
    %store/vec4 v0x9b5f378_0, 0, 8;
    %delay 2000000, 0;
    %vpi_call 2 64 "$finish" {0 0 0};
    %end;
    .thread T_9;
# The file index is used to find the file name in the following table.
:file_names 4;
    "N/A";
    "<interactive>";
    "mem_tb.v";
    "./mem_top.v";
